<?xml version="1.0" encoding="UTF-8"?>
<testsuite xmlns:xsi="http://www.w3.org/2001/XMLSchema-instance" xsi:noNamespaceSchemaLocation="https://maven.apache.org/surefire/maven-surefire-plugin/xsd/surefire-test-report.xsd" name="edu.upc.etsetb.tfm.xml_signature_validation.signature.BasicSignatureValidatorTest" time="4.326" tests="26" errors="0" skipped="0" failures="0">
  <properties>
[...]
</properties>
  <testcase name="test_21_SigningCertificateFound_InputPolicyInvalid_ValidChain_NoDataObjects" classname="edu.upc.etsetb.tfm.xml_signature_validation.signature.BasicSignatureValidatorTest" time="3.388"/>
  <testcase name="test_09_SigningCertificateFound_InputPolicyInvalid_IntermediateCertificateRevoked" classname="edu.upc.etsetb.tfm.xml_signature_validation.signature.BasicSignatureValidatorTest" time="0.022"/>
  <testcase name="test_15_SigningCertificateFound_InputPolicyInvalid_CertificateNoIssuanceTime" classname="edu.upc.etsetb.tfm.xml_signature_validation.signature.BasicSignatureValidatorTest" time="0.025"/>
  <testcase name="test_07_SigningCertificateFound_InputPolicyValid_NullPathValidationModel" classname="edu.upc.etsetb.tfm.xml_signature_validation.signature.BasicSignatureValidatorTest" time="0.062"/>
  <testcase name="test_02_SignerCertificateFound_NoInputPolicyDocumentObtainedAndParsed_ChainEmpty" classname="edu.upc.etsetb.tfm.xml_signature_validation.signature.BasicSignatureValidatorTest" time="0.056"/>
  <testcase name="test_01_NoSigningCertificateInSignature" classname="edu.upc.etsetb.tfm.xml_signature_validation.signature.BasicSignatureValidatorTest" time="0.006"/>
  <testcase name="test_18_SigningCertificateFound_InputPolicyInvalid_CertificateNoMaximumRevocationFreshnessAndNoThisUpdate" classname="edu.upc.etsetb.tfm.xml_signature_validation.signature.BasicSignatureValidatorTest" time="0.018"/>
  <testcase name="test_03_SigningCertificateReferenceFound_PolicyDocumentNotObtained" classname="edu.upc.etsetb.tfm.xml_signature_validation.signature.BasicSignatureValidatorTest" time="0.203"/>
  <testcase name="test_22_SigningCertificateFound_InputPolicyInvalid_ValidChain_ObjectIntegrityFailure" classname="edu.upc.etsetb.tfm.xml_signature_validation.signature.BasicSignatureValidatorTest" time="0.041"/>
  <testcase name="test_05_InvalidSignerCertificateSigningCertificateReferenceFound_PolicyDocumentNotParsed" classname="edu.upc.etsetb.tfm.xml_signature_validation.signature.BasicSignatureValidatorTest" time="0.015"/>
  <testcase name="test_16_SigningCertificateFound_InputPolicyInvalid_CertificateNoMaximumRevocationFreshnessAndNoIssuanceTime" classname="edu.upc.etsetb.tfm.xml_signature_validation.signature.BasicSignatureValidatorTest" time="0.009"/>
  <testcase name="test_23_SigningCertificateFound_InputPolicyInvalid_ValidChain_InvalidSignatureValue" classname="edu.upc.etsetb.tfm.xml_signature_validation.signature.BasicSignatureValidatorTest" time="0.045"/>
  <testcase name="test_25_SigningCertificateFound_InputPolicyInvalid_ValidChain_MissingMandatoryAttribute" classname="edu.upc.etsetb.tfm.xml_signature_validation.signature.BasicSignatureValidatorTest" time="0.198"/>
  <testcase name="test_14_SigningCertificateFound_InputPolicyInvalid_CertificateBeforeMaximumAcceptedTimeAndNoMaximumAcceptedRevocationFreshnessAndChainCryptoConstraintsFailure" classname="edu.upc.etsetb.tfm.xml_signature_validation.signature.BasicSignatureValidatorTest" time="0.013"/>
  <testcase name="test_06_SigningCertificateFound_InvalidPolicyDocumentDigest" classname="edu.upc.etsetb.tfm.xml_signature_validation.signature.BasicSignatureValidatorTest" time="0.005"/>
  <testcase name="test_04_InputSigningCertificateNoSignerCertificateFoundNoReferences" classname="edu.upc.etsetb.tfm.xml_signature_validation.signature.BasicSignatureValidatorTest" time="0.006"/>
  <testcase name="test_20_SigningCertificateFound_InputPolicyInvalid_ValidChain_NoDataObjectProperties" classname="edu.upc.etsetb.tfm.xml_signature_validation.signature.BasicSignatureValidatorTest" time="0.017"/>
  <testcase name="test_13_SigningCertificateFound_InputPolicyInvalid_CertificateAfterMaximumAcceptedTimeAndNoMaximumAcceptedRevocationFreshness" classname="edu.upc.etsetb.tfm.xml_signature_validation.signature.BasicSignatureValidatorTest" time="0.021"/>
  <testcase name="test_24_SigningCertificateFound_InputPolicyInvalid_ValidChain_DeprecatedAlgorithm" classname="edu.upc.etsetb.tfm.xml_signature_validation.signature.BasicSignatureValidatorTest" time="0.012"/>
  <testcase name="test_19_SigningCertificateFound_InputPolicyInvalid_InvalidValidityRange" classname="edu.upc.etsetb.tfm.xml_signature_validation.signature.BasicSignatureValidatorTest" time="0.013"/>
  <testcase name="test_26_ValidBasicSignature" classname="edu.upc.etsetb.tfm.xml_signature_validation.signature.BasicSignatureValidatorTest" time="0.014"/>
  <testcase name="test_11_SigningCertificateFound_InputPolicyInvalid_CertificateBeforeMaximumAcceptedTime" classname="edu.upc.etsetb.tfm.xml_signature_validation.signature.BasicSignatureValidatorTest" time="0.006"/>
  <testcase name="test_08_SigningCertificateFound_InputPolicyInvalid_SigningCertificateRevoked" classname="edu.upc.etsetb.tfm.xml_signature_validation.signature.BasicSignatureValidatorTest" time="0.008"/>
  <testcase name="test_17_SigningCertificateFound_InputPolicyInvalid_CertificateNoMaximumRevocationFreshnessAndNoNextUpdate" classname="edu.upc.etsetb.tfm.xml_signature_validation.signature.BasicSignatureValidatorTest" time="0.009"/>
  <testcase name="test_10_SigningCertificateFound_InputPolicyInvalid_ChainGeneralFailure" classname="edu.upc.etsetb.tfm.xml_signature_validation.signature.BasicSignatureValidatorTest" time="0.007"/>
  <testcase name="test_12_SigningCertificateFound_InputPolicyInvalid_CertificateAfterMaximumAcceptedTimeAndChainX509ConstraintsFailure" classname="edu.upc.etsetb.tfm.xml_signature_validation.signature.BasicSignatureValidatorTest" time="0.011"/>
</testsuite>