<?xml version="1.0" encoding="UTF-8"?>
<testsuite xmlns:xsi="http://www.w3.org/2001/XMLSchema-instance" xsi:noNamespaceSchemaLocation="https://maven.apache.org/surefire/maven-surefire-plugin/xsd/surefire-test-report.xsd" name="edu.upc.etsetb.tfm.xml_signature_validation.signature.TimeStampValidatorTest" time="5.875" tests="1" errors="0" skipped="0" failures="0">
  <properties>
[...]
</properties>
  <testcase name="test_01_BasicSigantureValidationCopy" classname="edu.upc.etsetb.tfm.xml_signature_validation.signature.TimeStampValidatorTest" time="5.791"/>
</testsuite>